<?xml version="1.0" encoding="UTF-8"?>
<testng-results ignored="0" total="1" passed="1" failed="0" skipped="0">
  <reporter-output>
  </reporter-output>
  <suite started-at="2023-06-02T13:22:57 IST" name="Suite" finished-at="2023-06-02T13:23:16 IST" duration-ms="19088">
    <groups>
    </groups>
    <test started-at="2023-06-02T13:22:57 IST" name="Test" finished-at="2023-06-02T13:23:16 IST" duration-ms="19088">
      <class name="TestCases.Tc_001_AccountRegisteration">
        <test-method is-config="true" signature="setup(java.lang.String)[pri:0, instance:TestCases.Tc_001_AccountRegisteration@6221a451]" started-at="2023-06-02T13:22:57 IST" name="setup" finished-at="2023-06-02T13:23:15 IST" duration-ms="17596" status="PASS">
          <params>
            <param index="0">
              <value>
                <![CDATA[chrome]]>
              </value>
            </param>
          </params>
          <reporter-output>
          </reporter-output>
        </test-method> <!-- setup -->
        <test-method signature="test_accountRegisteration()[pri:0, instance:TestCases.Tc_001_AccountRegisteration@6221a451]" started-at="2023-06-02T13:23:15 IST" name="test_accountRegisteration" finished-at="2023-06-02T13:23:16 IST" duration-ms="1133" status="PASS">
          <reporter-output>
          </reporter-output>
        </test-method> <!-- test_accountRegisteration -->
        <test-method is-config="true" signature="quit()[pri:0, instance:TestCases.Tc_001_AccountRegisteration@6221a451]" started-at="2023-06-02T13:23:16 IST" name="quit" finished-at="2023-06-02T13:23:16 IST" duration-ms="238" status="PASS">
          <reporter-output>
          </reporter-output>
        </test-method> <!-- quit -->
      </class> <!-- TestCases.Tc_001_AccountRegisteration -->
    </test> <!-- Test -->
  </suite> <!-- Suite -->
</testng-results>
